<?xml version="1.0" encoding="UTF-8"?>
<testsuite name="com.finalproject.backend.baseballmate.service.UserServiceTest" tests="6" skipped="0" failures="0" errors="0" timestamp="2021-11-15T08:56:04" hostname="DESKTOP-RCNTD61" time="0.016">
  <properties/>
  <testcase name="kakaoLogin()" classname="com.finalproject.backend.baseballmate.service.UserServiceTest" time="0.013"/>
  <testcase name="registerUser()" classname="com.finalproject.backend.baseballmate.service.UserServiceTest" time="0.0"/>
  <testcase name="useridCheck()" classname="com.finalproject.backend.baseballmate.service.UserServiceTest" time="0.0"/>
  <testcase name="passwordCheck()" classname="com.finalproject.backend.baseballmate.service.UserServiceTest" time="0.0"/>
  <testcase name="partialUpdateUserInfo()" classname="com.finalproject.backend.baseballmate.service.UserServiceTest" time="0.0"/>
  <testcase name="getAddressEnumList()" classname="com.finalproject.backend.baseballmate.service.UserServiceTest" time="0.0"/>
  <system-out><![CDATA[]]></system-out>
  <system-err><![CDATA[]]></system-err>
</testsuite>
